Added Component: Designator=C1(C_0603)
Add component (AddParameter): Name = "Check_prices"; Value = ""; VariantName = "[No Variations]"
Add component (AddParameter): Name = "Digi-Key_Part_Number"; Value = ""; VariantName = "[No Variations]"
Add component (AddParameter): Name = "MF"; Value = ""; VariantName = "[No Variations]"
Add component (AddParameter): Name = "MP"; Value = ""; VariantName = "[No Variations]"
Add component (AddParameter): Name = "Package"; Value = ""; VariantName = "[No Variations]"
Add component (AddParameter): Name = "Purchase-URL"; Value = ""; VariantName = "[No Variations]"
Add component (AddParameter): Name = "SnapEDA_Link"; Value = ""; VariantName = "[No Variations]"
Add component (AddParameter): Name = "Value"; Value = ""; VariantName = "[No Variations]"
Added Component: Designator=J3(XT30UPB-M)
Added Component: Designator=J4(22-27-2031)
Added Component: Designator=J5(22-27-2031)
Added Component: Designator=J6(430450812)
Added Component: Designator=J7(XT30UPB-M)
Added Component: Designator=J8(22-27-2041)
Added Component: Designator=Q1(STD65N55F3)
Added Component: Designator=Q2(SOT_BC817)
Add component (AddParameter): Name = "Check_prices"; Value = "https://www.snapeda.com/parts/BC817-25LT1G/Onsemi/view-part/?ref=eda"; VariantName = "[No Variations]"
Add component (AddParameter): Name = "MF"; Value = "ON Semiconductor"; VariantName = "[No Variations]"
Add component (AddParameter): Name = "MP"; Value = "BC817-25LT1G"; VariantName = "[No Variations]"
Add component (AddParameter): Name = "Package"; Value = "SOT-23-3 ON Semiconductor"; VariantName = "[No Variations]"
Add component (AddParameter): Name = "SnapEDA_Link"; Value = "https://www.snapeda.com/parts/BC817-25LT1G/Onsemi/view-part/?ref=snap"; VariantName = "[No Variations]"
Add component (AddParameter): Name = "Value"; Value = ""; VariantName = "[No Variations]"
Added Component: Designator=R1(R_0603)
Add component (AddParameter): Name = "Availability"; Value = ""; VariantName = "[No Variations]"
Add component (AddParameter): Name = "MF"; Value = ""; VariantName = "[No Variations]"
Add component (AddParameter): Name = "MP"; Value = ""; VariantName = "[No Variations]"
Add component (AddParameter): Name = "Package"; Value = ""; VariantName = "[No Variations]"
Add component (AddParameter): Name = "Price"; Value = ""; VariantName = "[No Variations]"
Add component (AddParameter): Name = "SnapEDA_Link"; Value = ""; VariantName = "[No Variations]"
Add component (AddParameter): Name = "TE_purchase_URL"; Value = ""; VariantName = "[No Variations]"
Add component (AddParameter): Name = "Value"; Value = ""; VariantName = "[No Variations]"
Added Component: Designator=R2(R_0603)
Add component (AddParameter): Name = "Availability"; Value = ""; VariantName = "[No Variations]"
Add component (AddParameter): Name = "MF"; Value = ""; VariantName = "[No Variations]"
Add component (AddParameter): Name = "MP"; Value = ""; VariantName = "[No Variations]"
Add component (AddParameter): Name = "Package"; Value = ""; VariantName = "[No Variations]"
Add component (AddParameter): Name = "Price"; Value = ""; VariantName = "[No Variations]"
Add component (AddParameter): Name = "SnapEDA_Link"; Value = ""; VariantName = "[No Variations]"
Add component (AddParameter): Name = "TE_purchase_URL"; Value = ""; VariantName = "[No Variations]"
Add component (AddParameter): Name = "Value"; Value = ""; VariantName = "[No Variations]"
Added Component: Designator=R3(R_0603)
Add component (AddParameter): Name = "Availability"; Value = ""; VariantName = "[No Variations]"
Add component (AddParameter): Name = "MF"; Value = ""; VariantName = "[No Variations]"
Add component (AddParameter): Name = "MP"; Value = ""; VariantName = "[No Variations]"
Add component (AddParameter): Name = "Package"; Value = ""; VariantName = "[No Variations]"
Add component (AddParameter): Name = "Price"; Value = ""; VariantName = "[No Variations]"
Add component (AddParameter): Name = "SnapEDA_Link"; Value = ""; VariantName = "[No Variations]"
Add component (AddParameter): Name = "TE_purchase_URL"; Value = ""; VariantName = "[No Variations]"
Add component (AddParameter): Name = "Value"; Value = ""; VariantName = "[No Variations]"
Added Pin To Net: NetName=PA3/BTN Pin=C1-1
Added Pin To Net: NetName=3V3 Pin=C1-2
Added Pin To Net: NetName=+12 Pin=J3-1
Added Pin To Net: NetName=GND Pin=J3-2
Added Pin To Net: NetName=PA9/UART_TX Pin=J4-1
Added Pin To Net: NetName=PA10/UART_RX Pin=J4-2
Added Pin To Net: NetName=GND Pin=J4-3
Added Pin To Net: NetName=+5 Pin=J5-1
Added Pin To Net: NetName=PA8/TIM1_CH1 Pin=J5-2
Added Pin To Net: NetName=GND Pin=J5-3
Added Pin To Net: NetName=GND Pin=J6-1
Added Pin To Net: NetName=+5 Pin=J6-2
Added Pin To Net: NetName=PA1/SPI_CLK Pin=J6-3
Added Pin To Net: NetName=PA7/SPI_MOSI Pin=J6-4
Added Pin To Net: NetName=PA6/RST Pin=J6-5
Added Pin To Net: NetName=PB0/DC Pin=J6-6
Added Pin To Net: NetName=PA5/CS Pin=J6-7
Added Pin To Net: NetName=PB1/BLK Pin=J6-8
Added Pin To Net: NetName=NetJ7_1 Pin=J7-1
Added Pin To Net: NetName=GND Pin=J7-2
Added Pin To Net: NetName=3V3 Pin=J8-1
Added Pin To Net: NetName=PA3/BTN Pin=J8-2
Added Pin To Net: NetName=+12 Pin=J8-3
Added Pin To Net: NetName=NetJ8_4 Pin=J8-4
Added Pin To Net: NetName=NetQ1_1 Pin=Q1-1
Added Pin To Net: NetName=+12 Pin=Q1-2
Added Pin To Net: NetName=NetJ7_1 Pin=Q1-3
Added Pin To Net: NetName=NetQ2_1 Pin=Q2-1
Added Pin To Net: NetName=GND Pin=Q2-2
Added Pin To Net: NetName=NetJ8_4 Pin=Q2-3
Added Pin To Net: NetName=PB7/BTN_LED Pin=R1-1
Added Pin To Net: NetName=NetQ2_1 Pin=R1-2
Added Pin To Net: NetName=GND Pin=R2-1
Added Pin To Net: NetName=PA3/BTN Pin=R2-2
Added Pin To Net: NetName=PA4/MOS_ALIM Pin=R3-1
Added Pin To Net: NetName=NetQ1_1 Pin=R3-2
Added Member To Class: ClassName=Schematic_MASTER Member=Component C1 C_0603
Added Member To Class: ClassName=Schematic_MASTER Member=Component J3 XT30UPB_M
Added Member To Class: ClassName=Schematic_MASTER Member=Component J4 22-27-2031
Added Member To Class: ClassName=Schematic_MASTER Member=Component J5 22-27-2031
Added Member To Class: ClassName=Schematic_MASTER Member=Component J6 430450812
Added Member To Class: ClassName=Schematic_MASTER Member=Component J7 XT30UPB_M
Added Member To Class: ClassName=Schematic_MASTER Member=Component J8 22-27-2041
Added Member To Class: ClassName=Schematic_MASTER Member=Component Q1 STD65N55F3
Added Member To Class: ClassName=Schematic_MASTER Member=Component Q2 BC817-25LT1G
Added Member To Class: ClassName=Schematic_MASTER Member=Component R1 1k
Added Member To Class: ClassName=Schematic_MASTER Member=Component R2 10k
Added Member To Class: ClassName=Schematic_MASTER Member=Component R3 1k
