Added Component: Designator=C1(C_0603)
Add component (AddParameter): Name = "Check_prices"; Value = ""; VariantName = "[No Variations]"
Add component (AddParameter): Name = "Digi-Key_Part_Number"; Value = ""; VariantName = "[No Variations]"
Add component (AddParameter): Name = "MF"; Value = ""; VariantName = "[No Variations]"
Add component (AddParameter): Name = "MP"; Value = ""; VariantName = "[No Variations]"
Add component (AddParameter): Name = "Package"; Value = ""; VariantName = "[No Variations]"
Add component (AddParameter): Name = "Purchase-URL"; Value = ""; VariantName = "[No Variations]"
Add component (AddParameter): Name = "SnapEDA_Link"; Value = ""; VariantName = "[No Variations]"
Add component (AddParameter): Name = "Value"; Value = ""; VariantName = "[No Variations]"
Added Component: Designator=J1(SSW-115-02-T-S)
Added Component: Designator=J2(SSW-115-02-T-S)
Added Component: Designator=J3(39-30-1020)
Added Component: Designator=J4(22-27-2031)
Added Component: Designator=J5(22-27-2031)
Added Component: Designator=J6(430450812)
Added Component: Designator=J7(XT30UPB-M)
Added Component: Designator=J8(22-27-2041)
Added Component: Designator=Q1(STD65N55F3)
Added Component: Designator=Q2(SOT_BC817)
Add component (AddParameter): Name = "Check_prices"; Value = "https://www.snapeda.com/parts/BC817-25LT1G/Onsemi/view-part/?ref=eda"; VariantName = "[No Variations]"
Add component (AddParameter): Name = "MF"; Value = "ON Semiconductor"; VariantName = "[No Variations]"
Add component (AddParameter): Name = "MP"; Value = "BC817-25LT1G"; VariantName = "[No Variations]"
Add component (AddParameter): Name = "Package"; Value = "SOT-23-3 ON Semiconductor"; VariantName = "[No Variations]"
Add component (AddParameter): Name = "SnapEDA_Link"; Value = "https://www.snapeda.com/parts/BC817-25LT1G/Onsemi/view-part/?ref=snap"; VariantName = "[No Variations]"
Add component (AddParameter): Name = "Value"; Value = ""; VariantName = "[No Variations]"
Added Component: Designator=R1(R_0603)
Add component (AddParameter): Name = "Availability"; Value = ""; VariantName = "[No Variations]"
Add component (AddParameter): Name = "MF"; Value = ""; VariantName = "[No Variations]"
Add component (AddParameter): Name = "MP"; Value = ""; VariantName = "[No Variations]"
Add component (AddParameter): Name = "Package"; Value = ""; VariantName = "[No Variations]"
Add component (AddParameter): Name = "Price"; Value = ""; VariantName = "[No Variations]"
Add component (AddParameter): Name = "SnapEDA_Link"; Value = ""; VariantName = "[No Variations]"
Add component (AddParameter): Name = "TE_purchase_URL"; Value = ""; VariantName = "[No Variations]"
Add component (AddParameter): Name = "Value"; Value = ""; VariantName = "[No Variations]"
Added Component: Designator=R2(R_0603)
Add component (AddParameter): Name = "Availability"; Value = ""; VariantName = "[No Variations]"
Add component (AddParameter): Name = "MF"; Value = ""; VariantName = "[No Variations]"
Add component (AddParameter): Name = "MP"; Value = ""; VariantName = "[No Variations]"
Add component (AddParameter): Name = "Package"; Value = ""; VariantName = "[No Variations]"
Add component (AddParameter): Name = "Price"; Value = ""; VariantName = "[No Variations]"
Add component (AddParameter): Name = "SnapEDA_Link"; Value = ""; VariantName = "[No Variations]"
Add component (AddParameter): Name = "TE_purchase_URL"; Value = ""; VariantName = "[No Variations]"
Add component (AddParameter): Name = "Value"; Value = ""; VariantName = "[No Variations]"
Added Component: Designator=R3(R_0603)
Add component (AddParameter): Name = "Availability"; Value = ""; VariantName = "[No Variations]"
Add component (AddParameter): Name = "MF"; Value = ""; VariantName = "[No Variations]"
Add component (AddParameter): Name = "MP"; Value = ""; VariantName = "[No Variations]"
Add component (AddParameter): Name = "Package"; Value = ""; VariantName = "[No Variations]"
Add component (AddParameter): Name = "Price"; Value = ""; VariantName = "[No Variations]"
Add component (AddParameter): Name = "SnapEDA_Link"; Value = ""; VariantName = "[No Variations]"
Add component (AddParameter): Name = "TE_purchase_URL"; Value = ""; VariantName = "[No Variations]"
Add component (AddParameter): Name = "Value"; Value = ""; VariantName = "[No Variations]"
Added Pin To Net: NetName=+5 Pin=J2-04
Added Pin To Net: NetName=+5 Pin=J5-1
Added Pin To Net: NetName=+5 Pin=J6-2
Added Net: Name=+5
Added Pin To Net: NetName=+12 Pin=J2-01
Added Pin To Net: NetName=+12 Pin=J3-1
Added Pin To Net: NetName=+12 Pin=J8-3
Added Pin To Net: NetName=+12 Pin=Q1-2
Added Net: Name=+12
Added Pin To Net: NetName=3V3 Pin=C1-2
Added Pin To Net: NetName=3V3 Pin=J2-14
Added Pin To Net: NetName=3V3 Pin=J8-1
Added Net: Name=3V3
Added Pin To Net: NetName=AREF Pin=J2-13
Added Net: Name=AREF
Added Pin To Net: NetName=GND Pin=J1-04
Added Pin To Net: NetName=GND Pin=J2-02
Added Pin To Net: NetName=GND Pin=J3-2
Added Pin To Net: NetName=GND Pin=J4-3
Added Pin To Net: NetName=GND Pin=J5-3
Added Pin To Net: NetName=GND Pin=J6-1
Added Pin To Net: NetName=GND Pin=Q2-2
Added Pin To Net: NetName=GND Pin=R2-1
Added Net: Name=GND
Added Pin To Net: NetName=NetJ7_1 Pin=Q1-3
Added Net: Name=NetJ7_1
Added Pin To Net: NetName=NetJ8_4 Pin=J8-4
Added Pin To Net: NetName=NetJ8_4 Pin=Q2-3
Added Net: Name=NetJ8_4
Added Pin To Net: NetName=NetQ1_1 Pin=Q1-1
Added Pin To Net: NetName=NetQ1_1 Pin=R3-2
Added Net: Name=NetQ1_1
Added Pin To Net: NetName=NetQ2_1 Pin=Q2-1
Added Pin To Net: NetName=NetQ2_1 Pin=R1-2
Added Net: Name=NetQ2_1
Added Pin To Net: NetName=NRST Pin=J1-03
Added Pin To Net: NetName=NRST Pin=J2-03
Added Net: Name=NRST
Added Pin To Net: NetName=PA0 Pin=J2-12
Added Net: Name=PA0
Added Pin To Net: NetName=PA1/SPI_CLK Pin=J2-11
Added Pin To Net: NetName=PA1/SPI_CLK Pin=J6-3
Added Net: Name=PA1/SPI_CLK
Added Pin To Net: NetName=PA2 Pin=J2-05
Added Net: Name=PA2
Added Pin To Net: NetName=PA3/BTN Pin=C1-1
Added Pin To Net: NetName=PA3/BTN Pin=J2-10
Added Pin To Net: NetName=PA3/BTN Pin=J8-2
Added Pin To Net: NetName=PA3/BTN Pin=R2-2
Added Net: Name=PA3/BTN
Added Pin To Net: NetName=PA4/MOS_ALIM Pin=J2-09
Added Pin To Net: NetName=PA4/MOS_ALIM Pin=R3-1
Added Net: Name=PA4/MOS_ALIM
Added Pin To Net: NetName=PA5/CS Pin=J2-08
Added Pin To Net: NetName=PA5/CS Pin=J6-7
Added Net: Name=PA5/CS
Added Pin To Net: NetName=PA6/RST Pin=J2-07
Added Pin To Net: NetName=PA6/RST Pin=J6-5
Added Net: Name=PA6/RST
Added Pin To Net: NetName=PA7/SPI_MOSI Pin=J2-06
Added Pin To Net: NetName=PA7/SPI_MOSI Pin=J6-4
Added Net: Name=PA7/SPI_MOSI
Added Pin To Net: NetName=PA8/TIM1_CH1 Pin=J1-12
Added Pin To Net: NetName=PA8/TIM1_CH1 Pin=J5-2
Added Net: Name=PA8/TIM1_CH1
Added Pin To Net: NetName=PA9/UART_TX Pin=J1-01
Added Pin To Net: NetName=PA9/UART_TX Pin=J4-1
Added Net: Name=PA9/UART_TX
Added Pin To Net: NetName=PA10/UART_RX Pin=J1-02
Added Pin To Net: NetName=PA10/UART_RX Pin=J4-2
Added Net: Name=PA10/UART_RX
Added Pin To Net: NetName=PA11 Pin=J1-13
Added Net: Name=PA11
Added Pin To Net: NetName=PA12 Pin=J1-05
Added Net: Name=PA12
Added Pin To Net: NetName=PB0/DC Pin=J1-06
Added Pin To Net: NetName=PB0/DC Pin=J6-6
Added Net: Name=PB0/DC
Added Pin To Net: NetName=PB1/BLK Pin=J1-09
Added Pin To Net: NetName=PB1/BLK Pin=J6-8
Added Net: Name=PB1/BLK
Added Pin To Net: NetName=PB3 Pin=J2-15
Added Net: Name=PB3
Added Pin To Net: NetName=PB4 Pin=J1-15
Added Net: Name=PB4
Added Pin To Net: NetName=PB5 Pin=J1-14
Added Net: Name=PB5
Added Pin To Net: NetName=PB6 Pin=J1-08
Added Net: Name=PB6
Added Pin To Net: NetName=PB7/BTN_LED Pin=J1-07
Added Pin To Net: NetName=PB7/BTN_LED Pin=R1-1
Added Net: Name=PB7/BTN_LED
Added Pin To Net: NetName=PC14 Pin=J1-10
Added Net: Name=PC14
Added Pin To Net: NetName=PC15 Pin=J1-11
Added Net: Name=PC15
Added Class: Name=Schematic_MASTER
