Added Component: Designator=J1(SSW-115-02-T-S)
Added Component: Designator=J2(SSW-115-02-T-S)
Added Component: Designator=J3(39-30-1020)
Added Component: Designator=J4(22-27-2031)
Added Component: Designator=J5(22-27-2031)
Added Component: Designator=J6(430450812)
Added Pin To Net: NetName=+5 Pin=J2-04
Added Pin To Net: NetName=+5 Pin=J5-1
Added Pin To Net: NetName=+5 Pin=J6-2
Added Net: Name=+5
Added Pin To Net: NetName=+12 Pin=J2-01
Added Pin To Net: NetName=+12 Pin=J3-1
Added Net: Name=+12
Added Pin To Net: NetName=3V3 Pin=J2-14
Added Net: Name=3V3
Added Pin To Net: NetName=AREF Pin=J2-13
Added Net: Name=AREF
Added Pin To Net: NetName=GND Pin=J1-04
Added Pin To Net: NetName=GND Pin=J2-02
Added Pin To Net: NetName=GND Pin=J3-2
Added Pin To Net: NetName=GND Pin=J4-3
Added Pin To Net: NetName=GND Pin=J5-3
Added Pin To Net: NetName=GND Pin=J6-1
Added Net: Name=GND
Added Pin To Net: NetName=NRST Pin=J1-03
Added Pin To Net: NetName=NRST Pin=J2-03
Added Net: Name=NRST
Added Pin To Net: NetName=PA0 Pin=J2-12
Added Net: Name=PA0
Added Pin To Net: NetName=PA1/SPI_CLK Pin=J2-11
Added Pin To Net: NetName=PA1/SPI_CLK Pin=J6-3
Added Net: Name=PA1/SPI_CLK
Added Pin To Net: NetName=PA2 Pin=J2-05
Added Net: Name=PA2
Added Pin To Net: NetName=PA3 Pin=J2-10
Added Net: Name=PA3
Added Pin To Net: NetName=PA4 Pin=J2-09
Added Net: Name=PA4
Added Pin To Net: NetName=PA5/CS Pin=J2-08
Added Pin To Net: NetName=PA5/CS Pin=J6-7
Added Net: Name=PA5/CS
Added Pin To Net: NetName=PA6/RST Pin=J2-07
Added Pin To Net: NetName=PA6/RST Pin=J6-5
Added Net: Name=PA6/RST
Added Pin To Net: NetName=PA7/SPI_MOSI Pin=J2-06
Added Pin To Net: NetName=PA7/SPI_MOSI Pin=J6-4
Added Net: Name=PA7/SPI_MOSI
Added Pin To Net: NetName=PA8/TIM1_CH1 Pin=J1-12
Added Pin To Net: NetName=PA8/TIM1_CH1 Pin=J5-2
Added Net: Name=PA8/TIM1_CH1
Added Pin To Net: NetName=PA9/UART_TX Pin=J1-01
Added Pin To Net: NetName=PA9/UART_TX Pin=J4-1
Added Net: Name=PA9/UART_TX
Added Pin To Net: NetName=PA10/UART_RX Pin=J1-02
Added Pin To Net: NetName=PA10/UART_RX Pin=J4-2
Added Net: Name=PA10/UART_RX
Added Pin To Net: NetName=PA11 Pin=J1-13
Added Net: Name=PA11
Added Pin To Net: NetName=PA12 Pin=J1-05
Added Net: Name=PA12
Added Pin To Net: NetName=PB0/DC Pin=J1-06
Added Pin To Net: NetName=PB0/DC Pin=J6-6
Added Net: Name=PB0/DC
Added Pin To Net: NetName=PB1/BLK Pin=J1-09
Added Pin To Net: NetName=PB1/BLK Pin=J6-8
Added Net: Name=PB1/BLK
Added Pin To Net: NetName=PB3 Pin=J2-15
Added Net: Name=PB3
Added Pin To Net: NetName=PB4 Pin=J1-15
Added Net: Name=PB4
Added Pin To Net: NetName=PB5 Pin=J1-14
Added Net: Name=PB5
Added Pin To Net: NetName=PB6 Pin=J1-08
Added Net: Name=PB6
Added Pin To Net: NetName=PB7 Pin=J1-07
Added Net: Name=PB7
Added Pin To Net: NetName=PC14 Pin=J1-10
Added Net: Name=PC14
Added Pin To Net: NetName=PC15 Pin=J1-11
Added Net: Name=PC15
Added Class: Name=Schematic_MASTER
