2024-02-16 11:06:10,955 [INFO] Activator:176 - 


2024-02-16 11:06:10,961 [INFO] Activator:177 - !SESSION log4j initialized
2024-02-16 11:06:17,000 [INFO] LogOutputStream:77 - [STDOUT_REDIRECT] 
2024-02-16 11:06:20,480 [INFO] ApplicationProperties:184 - Using Application install path: C:\ST\STM32CubeIDE_1.14.0\STM32CubeIDE\plugins\com.st.stm32cube.common.mx_6.10.0.202311202037
2024-02-16 11:06:20,496 [INFO] DbMcusXml:78 - Set database path to: C:\ST\STM32CubeIDE_1.14.0\STM32CubeIDE\plugins\com.st.stm32cube.common.mx_6.10.0.202311202037\\db\/mcu/
2024-02-16 11:06:20,497 [INFO] ApiDb:274 - Set plugin database path to: C:\ST\STM32CubeIDE_1.14.0\STM32CubeIDE\plugins\com.st.stm32cube.common.mx_6.10.0.202311202037\\db\/plugins/boardmanager/
2024-02-16 11:06:20,497 [WARN] ApiDb:259 - Overriding images path with different value:  => C:\ST\STM32CubeIDE_1.14.0\STM32CubeIDE\plugins\com.st.stm32cube.common.mx_6.10.0.202311202037\\db\/plugins/mcufinder/images/
2024-02-16 11:06:20,506 [INFO] ApiDb:250 - Set database path to: C:\Users\smore\.stmcufinder\plugins\mcufinder//mcu/
2024-02-16 11:06:20,508 [INFO] DbMcusAds:125 - Set database path to: C:\Users\smore\.stmcufinder\plugins\mcufinder//mcu/
2024-02-16 11:06:20,510 [INFO] CrossReferenceDbSqlite:203 - Set database path to: C:\Users\smore\.stmcufinder\plugins\mcufinder//mcu/cs/
2024-02-16 11:06:20,599 [INFO] RulesReader:64 - Compatibility file has been processed (297 Rules)
2024-02-16 11:06:20,681 [INFO] DbMcusXml:78 - Set database path to: C:\ST\STM32CubeIDE_1.14.0\STM32CubeIDE\plugins\com.st.stm32cube.common.mx_6.10.0.202311202037\\db\/mcu/
2024-02-16 11:06:20,681 [INFO] ApiDb:274 - Set plugin database path to: C:\ST\STM32CubeIDE_1.14.0\STM32CubeIDE\plugins\com.st.stm32cube.common.mx_6.10.0.202311202037\\db\/plugins/boardmanager/
2024-02-16 11:06:20,681 [INFO] ApiDb:261 - Set plugin images path to: C:\ST\STM32CubeIDE_1.14.0\STM32CubeIDE\plugins\com.st.stm32cube.common.mx_6.10.0.202311202037\\db\/plugins/mcufinder/images/
2024-02-16 11:06:20,681 [WARN] DbFile:41 - Overriding database path with different value: C:\Users\smore\.stmcufinder\plugins\mcufinder/ => C:\Users\smore\.stmcufinder\plugins\mcufinder
2024-02-16 11:06:20,681 [INFO] ApiDb:250 - Set database path to: C:\Users\smore\.stmcufinder\plugins\mcufinder//mcu/
2024-02-16 11:06:20,681 [WARN] DbFile:41 - Overriding database path with different value: C:\Users\smore\.stmcufinder\plugins\mcufinder/ => C:\Users\smore\.stmcufinder\plugins\mcufinder
2024-02-16 11:06:20,681 [INFO] DbMcusAds:125 - Set database path to: C:\Users\smore\.stmcufinder\plugins\mcufinder//mcu/
2024-02-16 11:06:20,681 [WARN] DbFile:41 - Overriding database path with different value: C:\Users\smore\.stmcufinder\plugins\mcufinder/ => C:\Users\smore\.stmcufinder\plugins\mcufinder
2024-02-16 11:06:20,681 [WARN] DbFile:41 - Overriding database path with different value: C:\Users\smore\.stmcufinder\plugins\mcufinder/ => C:\Users\smore\.stmcufinder\plugins\mcufinder
2024-02-16 11:06:20,682 [INFO] CrossReferenceDbSqlite:203 - Set database path to: C:\Users\smore\.stmcufinder\plugins\mcufinder//mcu/cs/
2024-02-16 11:06:20,754 [INFO] MainPanel:264 - HeapMemory: 268435456
2024-02-16 11:06:20,845 [INFO] DbMcusXml:78 - Set database path to: C:\ST\STM32CubeIDE_1.14.0\STM32CubeIDE\plugins\com.st.stm32cube.common.mx_6.10.0.202311202037\\db\/mcu/
2024-02-16 11:06:20,845 [INFO] ApiDb:274 - Set plugin database path to: C:\ST\STM32CubeIDE_1.14.0\STM32CubeIDE\plugins\com.st.stm32cube.common.mx_6.10.0.202311202037\\db\/plugins/boardmanager/
2024-02-16 11:06:20,846 [INFO] ApiDb:261 - Set plugin images path to: C:\ST\STM32CubeIDE_1.14.0\STM32CubeIDE\plugins\com.st.stm32cube.common.mx_6.10.0.202311202037\\db\/plugins/mcufinder/images/
2024-02-16 11:06:20,846 [WARN] DbFile:41 - Overriding database path with different value: C:\Users\smore\.stmcufinder\plugins\mcufinder/ => C:\Users\smore\.stmcufinder\plugins\mcufinder
2024-02-16 11:06:20,846 [INFO] ApiDb:250 - Set database path to: C:\Users\smore\.stmcufinder\plugins\mcufinder//mcu/
2024-02-16 11:06:20,846 [WARN] DbFile:41 - Overriding database path with different value: C:\Users\smore\.stmcufinder\plugins\mcufinder/ => C:\Users\smore\.stmcufinder\plugins\mcufinder
2024-02-16 11:06:20,846 [INFO] DbMcusAds:125 - Set database path to: C:\Users\smore\.stmcufinder\plugins\mcufinder//mcu/
2024-02-16 11:06:20,846 [WARN] DbFile:41 - Overriding database path with different value: C:\Users\smore\.stmcufinder\plugins\mcufinder/ => C:\Users\smore\.stmcufinder\plugins\mcufinder
2024-02-16 11:06:20,846 [WARN] DbFile:41 - Overriding database path with different value: C:\Users\smore\.stmcufinder\plugins\mcufinder/ => C:\Users\smore\.stmcufinder\plugins\mcufinder
2024-02-16 11:06:20,846 [INFO] CrossReferenceDbSqlite:203 - Set database path to: C:\Users\smore\.stmcufinder\plugins\mcufinder//mcu/cs/
2024-02-16 11:06:20,864 [INFO] ApplicationProperties:184 - Using Application install path: C:\ST\STM32CubeIDE_1.14.0\STM32CubeIDE\plugins\com.st.stm32cube.common.mx_6.10.0.202311202037
2024-02-16 11:06:20,865 [INFO] PluginManage:196 - Search for loadable plugins [exclusion list=, ]
2024-02-16 11:06:20,866 [INFO] PluginManage:310 - Check plugin analytics
2024-02-16 11:06:21,016 [INFO] AnalyticsPlugin:253 - Accepted Software Licenses: 
2024-02-16 11:06:21,017 [INFO] AnalyticsPlugin:255 - Accepted CMSIS Pack Licenses: 
2024-02-16 11:06:21,017 [INFO] AnalyticsPlugin:257 - Accepted Firmware Licenses: FW.F4.1.28.0,FW.L4.1.18.0
2024-02-16 11:06:21,020 [INFO] PluginManage:359 - Loaded plugin analytics (category:tool,tabindex:-1)
2024-02-16 11:06:21,020 [INFO] PluginManage:310 - Check plugin cadmodel
2024-02-16 11:06:21,035 [INFO] CADModel:105 - Init CAD model plugin
2024-02-16 11:06:21,035 [INFO] PluginManage:359 - Loaded plugin cadmodel (category:power,tabindex:5)
2024-02-16 11:06:21,035 [INFO] PluginManage:310 - Check plugin clock
2024-02-16 11:06:21,057 [INFO] PluginManage:359 - Loaded plugin clock (category:base,tabindex:2)
2024-02-16 11:06:21,057 [INFO] PluginManage:310 - Check plugin ddr
2024-02-16 11:06:21,059 [INFO] PluginManage:359 - Loaded plugin ddr (category:tool,tabindex:6)
2024-02-16 11:06:21,059 [INFO] PluginManage:310 - Check plugin filemanager
2024-02-16 11:06:21,197 [INFO] PluginManage:359 - Loaded plugin filemanager (category:base,tabindex:10)
2024-02-16 11:06:21,198 [INFO] PluginManage:310 - Check plugin ipmanager
2024-02-16 11:06:21,205 [INFO] PluginManage:359 - Loaded plugin ipmanager (category:base,tabindex:5)
2024-02-16 11:06:21,206 [INFO] PluginManage:310 - Check plugin lpbam
2024-02-16 11:06:21,223 [INFO] PluginManage:359 - Loaded plugin lpbam (category:base,tabindex:0)
2024-02-16 11:06:21,224 [INFO] PluginManage:310 - Check plugin memorymap
2024-02-16 11:06:21,246 [INFO] PluginManage:359 - Loaded plugin memorymap (category:base,tabindex:4)
2024-02-16 11:06:21,246 [INFO] PluginManage:310 - Check plugin pinoutandconfiguration
2024-02-16 11:06:21,262 [INFO] PluginManage:359 - Loaded plugin pinoutandconfiguration (category:base,tabindex:1)
2024-02-16 11:06:21,262 [INFO] PluginManage:310 - Check plugin pinoutconfig
2024-02-16 11:06:21,348 [WARN] SupportedApi:132 - Cannot load RTOS API schema: s4s-elt-must-match.1: The content of 'definitions' must match (annotation?, (simpleType | complexType)?, (unique | key | keyref)*)). A problem was found starting at: attribute.
2024-02-16 11:06:21,482 [INFO] PluginManage:359 - Loaded plugin pinoutconfig (category:base,tabindex:0)
2024-02-16 11:06:21,482 [INFO] PluginManage:310 - Check plugin power
2024-02-16 11:06:21,501 [INFO] PluginManage:359 - Loaded plugin power (category:power,tabindex:4)
2024-02-16 11:06:21,501 [INFO] PluginManage:310 - Check plugin projectmanager
2024-02-16 11:06:21,516 [INFO] PluginManage:359 - Loaded plugin projectmanager (category:projectmanager,tabindex:3)
2024-02-16 11:06:21,516 [INFO] PluginManage:310 - Check plugin thirdparty
2024-02-16 11:06:21,754 [INFO] PluginManage:359 - Loaded plugin thirdparty (category:base,tabindex:-1)
2024-02-16 11:06:21,754 [INFO] PluginManage:310 - Check plugin tools
2024-02-16 11:06:21,754 [WARN] IntegrityCheckThread:84 - waiting for thirdparty lock release [integrity check]
2024-02-16 11:06:21,754 [INFO] IntegrityCheckThread:86 - entering critical section [integrity check]
2024-02-16 11:06:21,754 [INFO] ThirdPartyUpdaterWithRetryManager:70 - Updater plugin not ready yet. [1/15]
2024-02-16 11:06:21,782 [INFO] PluginManage:359 - Loaded plugin tools (category:base,tabindex:7)
2024-02-16 11:06:21,782 [INFO] PluginManage:310 - Check plugin tutovideos
2024-02-16 11:06:21,951 [INFO] PluginManage:359 - Loaded plugin tutovideos (category:base,tabindex:-1)
2024-02-16 11:06:21,951 [INFO] PluginManage:310 - Check plugin updater
2024-02-16 11:06:21,962 [INFO] PluginManage:359 - Loaded plugin updater (category:base,tabindex:12)
2024-02-16 11:06:21,962 [INFO] PluginManage:310 - Check plugin userauth
2024-02-16 11:06:21,968 [INFO] UserAuth:114 - Init User Auth plugin
2024-02-16 11:06:21,968 [INFO] PluginManage:359 - Loaded plugin userauth (category:base,tabindex:14)
2024-02-16 11:06:21,968 [INFO] PluginManage:283 - PluginManage : Loaded plugins [17]
2024-02-16 11:06:22,179 [INFO] PinOutPanel:1499 - setPackage(No Configuration,No Configuration)
2024-02-16 11:06:22,245 [INFO] CADModel:165 - CPN selected for project level
2024-02-16 11:06:22,245 [INFO] CADModel:114 - Register for checkConnection events
2024-02-16 11:06:22,272 [INFO] IPUIPlugin:80 - create IPUIPlugin
2024-02-16 11:06:22,272 [INFO] PluginManager:220 - loadIPPluginJar : add adc
2024-02-16 11:06:22,303 [INFO] IPUIPlugin:80 - create IPUIPlugin
2024-02-16 11:06:22,303 [INFO] PluginManager:220 - loadIPPluginJar : add aes
2024-02-16 11:06:22,333 [INFO] IPUIPlugin:80 - create IPUIPlugin
2024-02-16 11:06:22,334 [INFO] PluginManager:220 - loadIPPluginJar : add can
2024-02-16 11:06:22,352 [INFO] IPUIPlugin:80 - create IPUIPlugin
2024-02-16 11:06:22,353 [INFO] PluginManager:220 - loadIPPluginJar : add comp
2024-02-16 11:06:22,381 [INFO] IPUIPlugin:80 - create IPUIPlugin
2024-02-16 11:06:22,381 [INFO] PluginManager:220 - loadIPPluginJar : add cryp
2024-02-16 11:06:22,404 [INFO] IPUIPlugin:80 - create IPUIPlugin
2024-02-16 11:06:22,404 [INFO] PluginManager:220 - loadIPPluginJar : add dfsdm
2024-02-16 11:06:22,417 [INFO] IPUIPlugin:80 - create IPUIPlugin
2024-02-16 11:06:22,417 [INFO] PluginManager:220 - loadIPPluginJar : add dma
2024-02-16 11:06:22,451 [INFO] IPUIPlugin:80 - create IPUIPlugin
2024-02-16 11:06:22,451 [INFO] PluginManager:220 - loadIPPluginJar : add dma3
2024-02-16 11:06:22,468 [INFO] IPUIPlugin:80 - create IPUIPlugin
2024-02-16 11:06:22,468 [INFO] PluginManager:220 - loadIPPluginJar : add fatfs
2024-02-16 11:06:22,505 [INFO] IPUIPlugin:80 - create IPUIPlugin
2024-02-16 11:06:22,505 [INFO] PluginManager:220 - loadIPPluginJar : add fmc
2024-02-16 11:06:22,520 [INFO] IPUIPlugin:80 - create IPUIPlugin
2024-02-16 11:06:22,520 [INFO] PluginManager:220 - loadIPPluginJar : add freertos
2024-02-16 11:06:22,537 [INFO] IPUIPlugin:80 - create IPUIPlugin
2024-02-16 11:06:22,538 [INFO] PluginManager:220 - loadIPPluginJar : add genericplugin
2024-02-16 11:06:22,611 [INFO] IPUIPlugin:80 - create IPUIPlugin
2024-02-16 11:06:22,612 [INFO] PluginManager:220 - loadIPPluginJar : add gfxmmu
2024-02-16 11:06:22,706 [INFO] IPUIPlugin:80 - create IPUIPlugin
2024-02-16 11:06:22,706 [INFO] PluginManager:220 - loadIPPluginJar : add gic
2024-02-16 11:06:22,718 [INFO] IPUIPlugin:80 - create IPUIPlugin
2024-02-16 11:06:22,718 [INFO] PluginManager:220 - loadIPPluginJar : add gpio
2024-02-16 11:06:22,799 [INFO] IPUIPlugin:80 - create IPUIPlugin
2024-02-16 11:06:22,799 [INFO] PluginManager:220 - loadIPPluginJar : add gtzc
2024-02-16 11:06:22,832 [INFO] IPUIPlugin:80 - create IPUIPlugin
2024-02-16 11:06:22,832 [INFO] PluginManager:220 - loadIPPluginJar : add hash
2024-02-16 11:06:22,884 [INFO] IPUIPlugin:80 - create IPUIPlugin
2024-02-16 11:06:22,884 [INFO] PluginManager:220 - loadIPPluginJar : add i2c
2024-02-16 11:06:22,926 [INFO] IPUIPlugin:80 - create IPUIPlugin
2024-02-16 11:06:22,927 [INFO] PluginManager:220 - loadIPPluginJar : add i2s
2024-02-16 11:06:22,964 [INFO] IPUIPlugin:80 - create IPUIPlugin
2024-02-16 11:06:22,964 [INFO] PluginManager:220 - loadIPPluginJar : add i3c
2024-02-16 11:06:23,068 [INFO] IPUIPlugin:80 - create IPUIPlugin
2024-02-16 11:06:23,068 [INFO] PluginManager:220 - loadIPPluginJar : add ipddr
2024-02-16 11:06:23,168 [INFO] IPUIPlugin:80 - create IPUIPlugin
2024-02-16 11:06:23,168 [INFO] PluginManager:220 - loadIPPluginJar : add linkedlist
2024-02-16 11:06:23,204 [INFO] IPUIPlugin:80 - create IPUIPlugin
2024-02-16 11:06:23,205 [INFO] PluginManager:220 - loadIPPluginJar : add lorawan
2024-02-16 11:06:23,242 [INFO] IPUIPlugin:80 - create IPUIPlugin
2024-02-16 11:06:23,242 [INFO] PluginManager:220 - loadIPPluginJar : add ltdc
2024-02-16 11:06:23,256 [INFO] IPUIPlugin:80 - create IPUIPlugin
2024-02-16 11:06:23,257 [INFO] PluginManager:220 - loadIPPluginJar : add mdma
2024-02-16 11:06:23,268 [INFO] IPUIPlugin:80 - create IPUIPlugin
2024-02-16 11:06:23,269 [INFO] PluginManager:220 - loadIPPluginJar : add nvic
2024-02-16 11:06:23,302 [INFO] IPUIPlugin:80 - create IPUIPlugin
2024-02-16 11:06:23,302 [INFO] PluginManager:220 - loadIPPluginJar : add opamp
2024-02-16 11:06:23,348 [INFO] IPUIPlugin:80 - create IPUIPlugin
2024-02-16 11:06:23,348 [INFO] PluginManager:220 - loadIPPluginJar : add openamp
2024-02-16 11:06:23,381 [INFO] IPUIPlugin:80 - create IPUIPlugin
2024-02-16 11:06:23,381 [INFO] PluginManager:220 - loadIPPluginJar : add pdm2pcm
2024-02-16 11:06:23,394 [INFO] IPUIPlugin:80 - create IPUIPlugin
2024-02-16 11:06:23,395 [INFO] PluginManager:220 - loadIPPluginJar : add plateformsettings
2024-02-16 11:06:23,423 [INFO] IPUIPlugin:80 - create IPUIPlugin
2024-02-16 11:06:23,423 [INFO] PluginManager:220 - loadIPPluginJar : add quadspi
2024-02-16 11:06:23,437 [INFO] IPUIPlugin:80 - create IPUIPlugin
2024-02-16 11:06:23,437 [INFO] PluginManager:220 - loadIPPluginJar : add resmgrutility
2024-02-16 11:06:23,492 [INFO] IPUIPlugin:80 - create IPUIPlugin
2024-02-16 11:06:23,493 [INFO] PluginManager:220 - loadIPPluginJar : add sai
2024-02-16 11:06:23,537 [INFO] IPUIPlugin:80 - create IPUIPlugin
2024-02-16 11:06:23,537 [INFO] PluginManager:220 - loadIPPluginJar : add spi
2024-02-16 11:06:23,626 [INFO] IPUIPlugin:80 - create IPUIPlugin
2024-02-16 11:06:23,627 [INFO] PluginManager:220 - loadIPPluginJar : add stm32_wpan
2024-02-16 11:06:23,650 [INFO] IPUIPlugin:80 - create IPUIPlugin
2024-02-16 11:06:23,650 [INFO] PluginManager:220 - loadIPPluginJar : add tim
2024-02-16 11:06:23,701 [INFO] IPUIPlugin:80 - create IPUIPlugin
2024-02-16 11:06:23,701 [INFO] PluginManager:220 - loadIPPluginJar : add touchsensing
2024-02-16 11:06:23,721 [INFO] IPUIPlugin:80 - create IPUIPlugin
2024-02-16 11:06:23,721 [INFO] PluginManager:220 - loadIPPluginJar : add tracer_emb
2024-02-16 11:06:23,738 [INFO] IPUIPlugin:80 - create IPUIPlugin
2024-02-16 11:06:23,739 [INFO] PluginManager:220 - loadIPPluginJar : add ts
2024-02-16 11:06:23,756 [INFO] IPUIPlugin:80 - create IPUIPlugin
2024-02-16 11:06:23,756 [INFO] PluginManager:220 - loadIPPluginJar : add tsc
2024-02-16 11:06:23,772 [INFO] IPUIPlugin:80 - create IPUIPlugin
2024-02-16 11:06:23,772 [INFO] PluginManager:220 - loadIPPluginJar : add ucpd
2024-02-16 11:06:23,805 [INFO] IPUIPlugin:80 - create IPUIPlugin
2024-02-16 11:06:23,806 [INFO] PluginManager:220 - loadIPPluginJar : add usart
2024-02-16 11:06:23,843 [INFO] IPUIPlugin:80 - create IPUIPlugin
2024-02-16 11:06:23,843 [INFO] PluginManager:220 - loadIPPluginJar : add usbx
2024-02-16 11:06:23,976 [INFO] CADModel:165 - CPN selected for project level
2024-02-16 11:06:23,976 [INFO] CADModel:114 - Register for checkConnection events
2024-02-16 11:06:23,976 [FATAL] Updater:308 - Updater called before beeing initialized
2024-02-16 11:06:23,976 [ERROR] CADModel:125 - Updater not yet initialized, retry later 
2024-02-16 11:06:24,125 [INFO] CADModel:165 - CPN selected for project level
2024-02-16 11:06:24,125 [INFO] CADModel:114 - Register for checkConnection events
2024-02-16 11:06:24,125 [FATAL] Updater:308 - Updater called before beeing initialized
2024-02-16 11:06:24,126 [ERROR] CADModel:125 - Updater not yet initialized, retry later 
2024-02-16 11:06:24,128 [FATAL] Updater:308 - Updater called before beeing initialized
2024-02-16 11:06:24,243 [FATAL] Updater:308 - Updater called before beeing initialized
2024-02-16 11:06:24,256 [INFO] DbMcusAds:53 - JSON generation date=Wed Nov 29 11:52:27 CET 2023 (1701255147349)
2024-02-16 11:06:24,256 [FATAL] Updater:308 - Updater called before beeing initialized
2024-02-16 11:06:24,331 [WARN] DetailPanel:346 - Failed to get advertising image, set to default
2024-02-16 11:06:24,444 [FATAL] Updater:308 - Updater called before beeing initialized
2024-02-16 11:06:24,447 [FATAL] Updater:308 - Updater called before beeing initialized
2024-02-16 11:06:24,447 [FATAL] Updater:308 - Updater called before beeing initialized
2024-02-16 11:06:24,448 [WARN] DetailPanel:346 - Failed to get advertising image, set to default
2024-02-16 11:06:24,448 [FATAL] Updater:308 - Updater called before beeing initialized
2024-02-16 11:06:24,510 [ERROR] Updater:1120 - MainUpdater not yet initialized. External WinMGr cannot be set.
2024-02-16 11:06:24,520 [INFO] Updater:1056 - Updater Version found : 6.10.0
2024-02-16 11:06:24,542 [INFO] ApplicationProperties:184 - Using Application install path: C:\ST\STM32CubeIDE_1.14.0\STM32CubeIDE\plugins\com.st.stm32cube.common.mx_6.10.0.202311202037
2024-02-16 11:06:24,755 [INFO] ThirdPartyUpdaterWithRetryManager:70 - Updater plugin not ready yet. [2/15]
2024-02-16 11:06:26,130 [ERROR] LogOutputStream:75 - [STDERR_REDIRECT] Feb 16, 2024 11:06:26 AM java.util.prefs.WindowsPreferences <init>
2024-02-16 11:06:26,132 [ERROR] LogOutputStream:75 - [STDERR_REDIRECT] WARNING: Could not open/create prefs root node Software\JavaSoft\Prefs at root 0xffffffff80000002. Windows RegCreateKeyEx(...) returned error code 5.
2024-02-16 11:06:26,132 [ERROR] LogOutputStream:75 - [STDERR_REDIRECT] 
2024-02-16 11:06:26,540 [INFO] MainUpdater:2873 - connection check result : 10
2024-02-16 11:06:26,542 [INFO] MainUpdater:290 - Updater Check For Update Now.
2024-02-16 11:06:26,542 [INFO] MicroXplorer:498 - Change Database Version : DB.6.0.100
2024-02-16 11:06:26,555 [INFO] McuFinderGlobals:63 - Set McuFinder mode to 2 (CubeIDE integrated)
2024-02-16 11:06:26,731 [INFO] CheckServerUpdateThread:120 - End of CheckServer Thread
2024-02-16 11:06:27,121 [INFO] UserAuth:404 - Internet connection configuration mode: 1
2024-02-16 11:06:27,142 [INFO] JxBrowserEngine:152 - Initiate JxBrowser Engine with user profile folder
2024-02-16 11:06:27,913 [WARN] PackLoader:240 - Cannot read IP mode file for STMicroelectronics.X-CUBE-SMBUS.2.1.0
2024-02-16 11:06:27,946 [WARN] PackLoader:240 - Cannot read IP mode file for STMicroelectronics.X-CUBE-AZRTOS-F7.1.1.0
2024-02-16 11:06:27,966 [WARN] PackLoader:240 - Cannot read IP mode file for STMicroelectronics.FP-SNS-MOTENV1.4.3.2
2024-02-16 11:06:27,980 [WARN] PackLoader:240 - Cannot read IP mode file for STMicroelectronics.FP-SNS-FLIGHT1.5.0.2
2024-02-16 11:06:27,995 [WARN] PackLoader:240 - Cannot read IP mode file for STMicroelectronics.X-CUBE-DISPLAY.3.0.0
2024-02-16 11:06:28,014 [WARN] PackLoader:240 - Cannot read IP mode file for STMicroelectronics.X-CUBE-BLE1.7.0.0
2024-02-16 11:06:28,027 [WARN] PackLoader:240 - Cannot read IP mode file for emotas.I-CUBE-CANOPEN.1.3.0
2024-02-16 11:06:28,039 [WARN] PackLoader:240 - Cannot read IP mode file for STMicroelectronics.X-CUBE-TOUCHGFX.4.22.1
2024-02-16 11:06:28,051 [WARN] PackLoader:240 - Cannot read IP mode file for STMicroelectronics.FP-SNS-SMARTAG2.1.2.0
2024-02-16 11:06:28,067 [INFO] LogOutputStream:77 - [STDOUT_REDIRECT] 1 : Invalid condition id : UX_CORESTACK_Condition cause : null
2024-02-16 11:06:28,067 [INFO] LogOutputStream:77 - [STDOUT_REDIRECT] 1 : Invalid condition id : UX_CORESTACK_Condition cause : null
2024-02-16 11:06:28,069 [INFO] LogOutputStream:77 - [STDOUT_REDIRECT] 1 : Invalid condition id : UX_CORESTACK_Condition cause : null
2024-02-16 11:06:28,075 [INFO] LogOutputStream:77 - [STDOUT_REDIRECT] 1 : Invalid condition id : UX_CORESTACK_Condition cause : null
2024-02-16 11:06:28,076 [INFO] LogOutputStream:77 - [STDOUT_REDIRECT] 1 : Invalid condition id : UX_CORESTACK_Condition cause : null
2024-02-16 11:06:28,078 [WARN] PackLoader:240 - Cannot read IP mode file for STMicroelectronics.X-CUBE-AZRTOS-WL.2.0.0
2024-02-16 11:06:28,093 [WARN] PackLoader:240 - Cannot read IP mode file for WES.I-CUBE-Cesium.1.3.0
2024-02-16 11:06:28,102 [WARN] PackLoader:240 - Cannot read IP mode file for STMicroelectronics.X-CUBE-BLE2.3.3.0
2024-02-16 11:06:28,118 [WARN] PackLoader:240 - Cannot read IP mode file for STMicroelectronics.X-CUBE-ALGOBUILD.1.3.0
2024-02-16 11:06:28,140 [WARN] PackLoader:240 - Cannot read IP mode file for STMicroelectronics.X-CUBE-AZRTOS-G0.1.1.0
2024-02-16 11:06:28,157 [WARN] PackLoader:240 - Cannot read IP mode file for STMicroelectronics.X-CUBE-NFC4.3.0.0
2024-02-16 11:06:28,171 [WARN] PackLoader:240 - Cannot read IP mode file for STMicroelectronics.X-CUBE-BLEMGR.3.0.0
2024-02-16 11:06:28,184 [WARN] PackLoader:240 - Cannot read IP mode file for STMicroelectronics.FP-ATR-SIGFOX1.3.2.0
2024-02-16 11:06:28,196 [WARN] PackLoader:240 - Cannot read IP mode file for STMicroelectronics.X-CUBE-EEPRMA1.5.1.0
2024-02-16 11:06:28,226 [WARN] PackLoader:240 - Cannot read IP mode file for SEGGER.I-CUBE-embOS.1.3.1
2024-02-16 11:06:28,265 [WARN] PackLoader:240 - Cannot read IP mode file for STMicroelectronics.X-CUBE-GNSS1.6.0.0
2024-02-16 11:06:28,295 [WARN] PackLoader:240 - Cannot read IP mode file for STMicroelectronics.X-CUBE-AZRTOS-F4.1.1.0
2024-02-16 11:06:28,311 [WARN] PackLoader:240 - Cannot read IP mode file for wolfSSL.I-CUBE-wolfSSL.5.6.4
2024-02-16 11:06:28,343 [WARN] PackLoader:240 - Cannot read IP mode file for STMicroelectronics.X-CUBE-AZRTOS-L5.2.0.0
2024-02-16 11:06:28,365 [WARN] PackLoader:240 - Cannot read IP mode file for STMicroelectronics.X-CUBE-EEPRMA1.4.2.0
2024-02-16 11:06:28,384 [WARN] PackLoader:240 - Cannot read IP mode file for ITTIA_DB.I-CUBE-ITTIADB.8.8.0
2024-02-16 11:06:28,436 [WARN] ConditionMgr:438 - getConditionDescription Invalid condition id : UX DEVICE CLASS RTOS Condition cause : null
2024-02-16 11:06:28,437 [WARN] ConditionMgr:438 - getConditionDescription Invalid condition id : UX DEVICE CLASS RTOS Condition cause : null
2024-02-16 11:06:28,440 [WARN] PackLoader:240 - Cannot read IP mode file for STMicroelectronics.X-CUBE-AZRTOS-H7.3.1.0
2024-02-16 11:06:28,442 [WARN] ConditionMgr:1039 - genDependencies : Invalid condition id : UX DEVICE CLASS RTOS Condition cause : null
2024-02-16 11:06:28,442 [WARN] ConditionMgr:1039 - genDependencies : Invalid condition id : UX DEVICE CLASS RTOS Condition cause : null
2024-02-16 11:06:28,443 [WARN] ConditionMgr:1039 - genDependencies : Invalid condition id : UX DEVICE CLASS RTOS Condition cause : null
2024-02-16 11:06:28,443 [WARN] ConditionMgr:1039 - genDependencies : Invalid condition id : UX DEVICE CLASS RTOS Condition cause : null
2024-02-16 11:06:28,443 [WARN] ConditionMgr:1039 - genDependencies : Invalid condition id : UX DEVICE CLASS RTOS Condition cause : null
2024-02-16 11:06:28,464 [WARN] PackLoader:240 - Cannot read IP mode file for STMicroelectronics.X-CUBE-NFC7.1.0.1
2024-02-16 11:06:28,483 [WARN] PackLoader:240 - Cannot read IP mode file for STMicroelectronics.X-CUBE-NFC6.3.0.0
2024-02-16 11:06:28,502 [WARN] PackLoader:240 - Cannot read IP mode file for STMicroelectronics.X-CUBE-AI.8.1.0
2024-02-16 11:06:28,533 [WARN] ConditionMgr:438 - getConditionDescription Invalid condition id : LAN8742 Phy interface Condition cause : null
2024-02-16 11:06:28,534 [WARN] PackLoader:240 - Cannot read IP mode file for STMicroelectronics.X-CUBE-AZRTOS-L4.2.0.0
2024-02-16 11:06:28,535 [WARN] ConditionMgr:1039 - genDependencies : Invalid condition id : LAN8742 Phy interface Condition cause : null
2024-02-16 11:06:28,535 [WARN] ConditionMgr:1039 - genDependencies : Invalid condition id : LAN8742 Phy interface Condition cause : null
2024-02-16 11:06:28,536 [WARN] ConditionMgr:1039 - genDependencies : Invalid condition id : LAN8742 Phy interface Condition cause : null
2024-02-16 11:06:28,553 [WARN] PackLoader:240 - Cannot read IP mode file for STMicroelectronics.X-CUBE-SFXS2LP1.4.0.0
2024-02-16 11:06:28,569 [WARN] PackLoader:240 - Cannot read IP mode file for STMicroelectronics.X-CUBE-ISPU.1.1.0
2024-02-16 11:06:28,598 [WARN] ConditionMgr:438 - getConditionDescription Invalid condition id : UX DEVICE CLASS RTOS Condition cause : null
2024-02-16 11:06:28,598 [WARN] ConditionMgr:438 - getConditionDescription Invalid condition id : UX DEVICE CLASS RTOS Condition cause : null
2024-02-16 11:06:28,599 [WARN] PackLoader:240 - Cannot read IP mode file for STMicroelectronics.X-CUBE-AZRTOS-WB.2.0.0
2024-02-16 11:06:28,600 [WARN] ConditionMgr:1039 - genDependencies : Invalid condition id : UX DEVICE CLASS RTOS Condition cause : null
2024-02-16 11:06:28,600 [WARN] ConditionMgr:1039 - genDependencies : Invalid condition id : UX DEVICE CLASS RTOS Condition cause : null
2024-02-16 11:06:28,600 [WARN] ConditionMgr:1039 - genDependencies : Invalid condition id : UX DEVICE CLASS RTOS Condition cause : null
2024-02-16 11:06:28,600 [WARN] ConditionMgr:1039 - genDependencies : Invalid condition id : UX DEVICE CLASS RTOS Condition cause : null
2024-02-16 11:06:28,600 [WARN] ConditionMgr:1039 - genDependencies : Invalid condition id : UX DEVICE CLASS RTOS Condition cause : null
2024-02-16 11:06:28,623 [WARN] PackLoader:240 - Cannot read IP mode file for STMicroelectronics.X-CUBE-SUBG2.5.0.0
2024-02-16 11:06:28,655 [WARN] PackLoader:240 - Cannot read IP mode file for STMicroelectronics.X-CUBE-AZRTOS-G4.2.0.0
2024-02-16 11:06:28,683 [WARN] PackLoader:240 - Cannot read IP mode file for Infineon.AIROC-Wi-Fi-Bluetooth-STM32.1.5.1
2024-02-16 11:06:28,704 [WARN] PackLoader:240 - Cannot read IP mode file for STMicroelectronics.FP-SNS-MOTENVWB1.1.3.0
2024-02-16 11:06:28,757 [WARN] PackLoader:240 - Cannot read IP mode file for STMicroelectronics.X-CUBE-MEMS1.10.0.0
2024-02-16 11:06:28,859 [WARN] PackLoader:240 - Cannot read IP mode file for STMicroelectronics.X-CUBE-FREERTOS.1.1.0
2024-02-16 11:06:28,875 [WARN] PackLoader:240 - Cannot read IP mode file for portGmbH.I-Cube-SoM-uGOAL.1.1.0
2024-02-16 11:06:28,890 [WARN] PackLoader:240 - Cannot read IP mode file for STMicroelectronics.X-CUBE-ALS.1.0.1
2024-02-16 11:06:28,904 [WARN] PackLoader:240 - Cannot read IP mode file for STMicroelectronics.FP-ATR-ASTRA1.2.0.0
2024-02-16 11:06:28,924 [WARN] PackLoader:240 - Cannot read IP mode file for STMicroelectronics.X-CUBE-TOF1.3.4.0
2024-02-16 11:06:28,931 [INFO] ThirdParty:978 - Integrity check success = true
2024-02-16 11:06:28,932 [INFO] IntegrityCheckThread:100 - exiting critical section [integrity check]
2024-02-16 11:06:28,932 [INFO] IntegrityCheckThread:103 - End integrity checks thread
2024-02-16 11:06:30,142 [INFO] WebApp:161 - Instantiating new browser for Auth
2024-02-16 11:06:30,795 [INFO] WebApp:780 - Register for checkConnection events
2024-02-16 11:06:30,795 [INFO] WebApp:414 - Apply proxy settings
2024-02-16 11:06:30,795 [INFO] WebApp:499 - Chromium requires no authentication
2024-02-16 11:06:30,803 [INFO] WebApp:442 - Direct internet connection detected
2024-02-16 11:06:30,943 [INFO] WebApp:192 - Starting web application
2024-02-16 11:06:30,943 [INFO] WebApp:544 - Web application path used C:\ST\STM32CubeIDE_1.14.0\STM32CubeIDE\plugins\com.st.stm32cube.common.mx_6.10.0.202311202037\db\plugins\mcufinder\reactClient1\index.html
2024-02-16 11:06:51,716 [ERROR] LogOutputStream:75 - [STDERR_REDIRECT] SLF4J: Failed to load class "org.slf4j.impl.StaticLoggerBinder".
2024-02-16 11:06:51,717 [ERROR] LogOutputStream:75 - [STDERR_REDIRECT] SLF4J: Defaulting to no-operation (NOP) logger implementation
2024-02-16 11:06:51,718 [ERROR] LogOutputStream:75 - [STDERR_REDIRECT] SLF4J: See http://www.slf4j.org/codes.html#StaticLoggerBinder for further details.
2024-02-16 12:17:53,907 [ERROR] LogOutputStream:75 - [STDERR_REDIRECT] 
2024-02-16 17:51:07,597 [INFO] Activator:176 - 


2024-02-16 17:51:07,597 [INFO] Activator:177 - !SESSION log4j initialized
2024-02-16 17:51:12,871 [INFO] LogOutputStream:77 - [STDOUT_REDIRECT] 
2024-02-16 17:51:13,419 [ERROR] ConfigurationRetriever:142 - IOException on connection: sw-center.st.com
2024-02-16 17:51:13,421 [ERROR] ConfigurationRetriever:142 - IOException on connection: sw-center.st.com
2024-02-16 17:51:13,421 [ERROR] ConfigurationRetriever:142 - IOException on connection: sw-center.st.com
2024-02-16 17:51:16,579 [INFO] ApplicationProperties:184 - Using Application install path: C:\ST\STM32CubeIDE_1.14.0\STM32CubeIDE\plugins\com.st.stm32cube.common.mx_6.10.0.202311202037
2024-02-16 17:51:16,592 [INFO] DbMcusXml:78 - Set database path to: C:\ST\STM32CubeIDE_1.14.0\STM32CubeIDE\plugins\com.st.stm32cube.common.mx_6.10.0.202311202037\\db\/mcu/
2024-02-16 17:51:16,592 [INFO] ApiDb:274 - Set plugin database path to: C:\ST\STM32CubeIDE_1.14.0\STM32CubeIDE\plugins\com.st.stm32cube.common.mx_6.10.0.202311202037\\db\/plugins/boardmanager/
2024-02-16 17:51:16,592 [WARN] ApiDb:259 - Overriding images path with different value:  => C:\ST\STM32CubeIDE_1.14.0\STM32CubeIDE\plugins\com.st.stm32cube.common.mx_6.10.0.202311202037\\db\/plugins/mcufinder/images/
2024-02-16 17:51:16,600 [INFO] ApiDb:250 - Set database path to: C:\Users\smore\.stmcufinder\plugins\mcufinder//mcu/
2024-02-16 17:51:16,600 [INFO] DbMcusAds:125 - Set database path to: C:\Users\smore\.stmcufinder\plugins\mcufinder//mcu/
2024-02-16 17:51:16,602 [INFO] CrossReferenceDbSqlite:203 - Set database path to: C:\Users\smore\.stmcufinder\plugins\mcufinder//mcu/cs/
2024-02-16 17:51:16,689 [INFO] RulesReader:64 - Compatibility file has been processed (297 Rules)
2024-02-16 17:51:16,765 [INFO] DbMcusXml:78 - Set database path to: C:\ST\STM32CubeIDE_1.14.0\STM32CubeIDE\plugins\com.st.stm32cube.common.mx_6.10.0.202311202037\\db\/mcu/
2024-02-16 17:51:16,766 [INFO] ApiDb:274 - Set plugin database path to: C:\ST\STM32CubeIDE_1.14.0\STM32CubeIDE\plugins\com.st.stm32cube.common.mx_6.10.0.202311202037\\db\/plugins/boardmanager/
2024-02-16 17:51:16,766 [INFO] ApiDb:261 - Set plugin images path to: C:\ST\STM32CubeIDE_1.14.0\STM32CubeIDE\plugins\com.st.stm32cube.common.mx_6.10.0.202311202037\\db\/plugins/mcufinder/images/
2024-02-16 17:51:16,766 [WARN] DbFile:41 - Overriding database path with different value: C:\Users\smore\.stmcufinder\plugins\mcufinder/ => C:\Users\smore\.stmcufinder\plugins\mcufinder
2024-02-16 17:51:16,766 [INFO] ApiDb:250 - Set database path to: C:\Users\smore\.stmcufinder\plugins\mcufinder//mcu/
2024-02-16 17:51:16,766 [WARN] DbFile:41 - Overriding database path with different value: C:\Users\smore\.stmcufinder\plugins\mcufinder/ => C:\Users\smore\.stmcufinder\plugins\mcufinder
2024-02-16 17:51:16,766 [INFO] DbMcusAds:125 - Set database path to: C:\Users\smore\.stmcufinder\plugins\mcufinder//mcu/
2024-02-16 17:51:16,766 [WARN] DbFile:41 - Overriding database path with different value: C:\Users\smore\.stmcufinder\plugins\mcufinder/ => C:\Users\smore\.stmcufinder\plugins\mcufinder
2024-02-16 17:51:16,766 [WARN] DbFile:41 - Overriding database path with different value: C:\Users\smore\.stmcufinder\plugins\mcufinder/ => C:\Users\smore\.stmcufinder\plugins\mcufinder
2024-02-16 17:51:16,767 [INFO] CrossReferenceDbSqlite:203 - Set database path to: C:\Users\smore\.stmcufinder\plugins\mcufinder//mcu/cs/
2024-02-16 17:51:16,834 [INFO] MainPanel:264 - HeapMemory: 268435456
2024-02-16 17:51:16,907 [INFO] DbMcusXml:78 - Set database path to: C:\ST\STM32CubeIDE_1.14.0\STM32CubeIDE\plugins\com.st.stm32cube.common.mx_6.10.0.202311202037\\db\/mcu/
2024-02-16 17:51:16,908 [INFO] ApiDb:274 - Set plugin database path to: C:\ST\STM32CubeIDE_1.14.0\STM32CubeIDE\plugins\com.st.stm32cube.common.mx_6.10.0.202311202037\\db\/plugins/boardmanager/
2024-02-16 17:51:16,908 [INFO] ApiDb:261 - Set plugin images path to: C:\ST\STM32CubeIDE_1.14.0\STM32CubeIDE\plugins\com.st.stm32cube.common.mx_6.10.0.202311202037\\db\/plugins/mcufinder/images/
2024-02-16 17:51:16,908 [WARN] DbFile:41 - Overriding database path with different value: C:\Users\smore\.stmcufinder\plugins\mcufinder/ => C:\Users\smore\.stmcufinder\plugins\mcufinder
2024-02-16 17:51:16,908 [INFO] ApiDb:250 - Set database path to: C:\Users\smore\.stmcufinder\plugins\mcufinder//mcu/
2024-02-16 17:51:16,908 [WARN] DbFile:41 - Overriding database path with different value: C:\Users\smore\.stmcufinder\plugins\mcufinder/ => C:\Users\smore\.stmcufinder\plugins\mcufinder
2024-02-16 17:51:16,908 [INFO] DbMcusAds:125 - Set database path to: C:\Users\smore\.stmcufinder\plugins\mcufinder//mcu/
2024-02-16 17:51:16,908 [WARN] DbFile:41 - Overriding database path with different value: C:\Users\smore\.stmcufinder\plugins\mcufinder/ => C:\Users\smore\.stmcufinder\plugins\mcufinder
2024-02-16 17:51:16,908 [WARN] DbFile:41 - Overriding database path with different value: C:\Users\smore\.stmcufinder\plugins\mcufinder/ => C:\Users\smore\.stmcufinder\plugins\mcufinder
2024-02-16 17:51:16,908 [INFO] CrossReferenceDbSqlite:203 - Set database path to: C:\Users\smore\.stmcufinder\plugins\mcufinder//mcu/cs/
2024-02-16 17:51:16,925 [INFO] ApplicationProperties:184 - Using Application install path: C:\ST\STM32CubeIDE_1.14.0\STM32CubeIDE\plugins\com.st.stm32cube.common.mx_6.10.0.202311202037
2024-02-16 17:51:16,926 [INFO] PluginManage:196 - Search for loadable plugins [exclusion list=, ]
2024-02-16 17:51:16,927 [INFO] PluginManage:310 - Check plugin analytics
2024-02-16 17:51:17,084 [INFO] AnalyticsPlugin:253 - Accepted Software Licenses: 
2024-02-16 17:51:17,084 [INFO] AnalyticsPlugin:255 - Accepted CMSIS Pack Licenses: 
2024-02-16 17:51:17,084 [INFO] AnalyticsPlugin:257 - Accepted Firmware Licenses: FW.F4.1.28.0,FW.L4.1.18.0
2024-02-16 17:51:17,087 [INFO] PluginManage:359 - Loaded plugin analytics (category:tool,tabindex:-1)
2024-02-16 17:51:17,087 [ERROR] ConfigurationRetriever:142 - IOException on connection: sw-center.st.com
2024-02-16 17:51:17,088 [ERROR] ConfigurationRetriever:142 - IOException on connection: sw-center.st.com
2024-02-16 17:51:17,088 [INFO] PluginManage:310 - Check plugin cadmodel
2024-02-16 17:51:17,088 [ERROR] ConfigurationRetriever:142 - IOException on connection: sw-center.st.com
2024-02-16 17:51:17,106 [INFO] CADModel:105 - Init CAD model plugin
2024-02-16 17:51:17,106 [INFO] PluginManage:359 - Loaded plugin cadmodel (category:power,tabindex:5)
2024-02-16 17:51:17,106 [INFO] PluginManage:310 - Check plugin clock
2024-02-16 17:51:17,126 [INFO] PluginManage:359 - Loaded plugin clock (category:base,tabindex:2)
2024-02-16 17:51:17,126 [INFO] PluginManage:310 - Check plugin ddr
2024-02-16 17:51:17,129 [INFO] PluginManage:359 - Loaded plugin ddr (category:tool,tabindex:6)
2024-02-16 17:51:17,130 [INFO] PluginManage:310 - Check plugin filemanager
2024-02-16 17:51:17,255 [INFO] PluginManage:359 - Loaded plugin filemanager (category:base,tabindex:10)
2024-02-16 17:51:17,256 [INFO] PluginManage:310 - Check plugin ipmanager
2024-02-16 17:51:17,262 [INFO] PluginManage:359 - Loaded plugin ipmanager (category:base,tabindex:5)
2024-02-16 17:51:17,262 [INFO] PluginManage:310 - Check plugin lpbam
2024-02-16 17:51:17,278 [INFO] PluginManage:359 - Loaded plugin lpbam (category:base,tabindex:0)
2024-02-16 17:51:17,278 [INFO] PluginManage:310 - Check plugin memorymap
2024-02-16 17:51:17,298 [INFO] PluginManage:359 - Loaded plugin memorymap (category:base,tabindex:4)
2024-02-16 17:51:17,299 [INFO] PluginManage:310 - Check plugin pinoutandconfiguration
2024-02-16 17:51:17,313 [INFO] PluginManage:359 - Loaded plugin pinoutandconfiguration (category:base,tabindex:1)
2024-02-16 17:51:17,313 [INFO] PluginManage:310 - Check plugin pinoutconfig
2024-02-16 17:51:17,393 [WARN] SupportedApi:132 - Cannot load RTOS API schema: s4s-elt-must-match.1: The content of 'definitions' must match (annotation?, (simpleType | complexType)?, (unique | key | keyref)*)). A problem was found starting at: attribute.
2024-02-16 17:51:17,488 [INFO] PluginManage:359 - Loaded plugin pinoutconfig (category:base,tabindex:0)
2024-02-16 17:51:17,488 [INFO] PluginManage:310 - Check plugin power
2024-02-16 17:51:17,506 [INFO] PluginManage:359 - Loaded plugin power (category:power,tabindex:4)
2024-02-16 17:51:17,506 [INFO] PluginManage:310 - Check plugin projectmanager
2024-02-16 17:51:17,518 [INFO] PluginManage:359 - Loaded plugin projectmanager (category:projectmanager,tabindex:3)
2024-02-16 17:51:17,518 [INFO] PluginManage:310 - Check plugin thirdparty
2024-02-16 17:51:17,738 [INFO] PluginManage:359 - Loaded plugin thirdparty (category:base,tabindex:-1)
2024-02-16 17:51:17,739 [INFO] PluginManage:310 - Check plugin tools
2024-02-16 17:51:17,738 [WARN] IntegrityCheckThread:84 - waiting for thirdparty lock release [integrity check]
2024-02-16 17:51:17,739 [INFO] IntegrityCheckThread:86 - entering critical section [integrity check]
2024-02-16 17:51:17,739 [INFO] ThirdPartyUpdaterWithRetryManager:70 - Updater plugin not ready yet. [1/15]
2024-02-16 17:51:17,766 [INFO] PluginManage:359 - Loaded plugin tools (category:base,tabindex:7)
2024-02-16 17:51:17,766 [INFO] PluginManage:310 - Check plugin tutovideos
2024-02-16 17:51:17,912 [INFO] PluginManage:359 - Loaded plugin tutovideos (category:base,tabindex:-1)
2024-02-16 17:51:17,912 [INFO] PluginManage:310 - Check plugin updater
2024-02-16 17:51:17,921 [INFO] PluginManage:359 - Loaded plugin updater (category:base,tabindex:12)
2024-02-16 17:51:17,921 [INFO] PluginManage:310 - Check plugin userauth
2024-02-16 17:51:17,926 [INFO] UserAuth:114 - Init User Auth plugin
2024-02-16 17:51:17,926 [INFO] PluginManage:359 - Loaded plugin userauth (category:base,tabindex:14)
2024-02-16 17:51:17,926 [INFO] PluginManage:283 - PluginManage : Loaded plugins [17]
2024-02-16 17:51:18,093 [INFO] PinOutPanel:1499 - setPackage(No Configuration,No Configuration)
2024-02-16 17:51:18,150 [INFO] CADModel:165 - CPN selected for project level
2024-02-16 17:51:18,151 [INFO] CADModel:114 - Register for checkConnection events
2024-02-16 17:51:18,195 [INFO] IPUIPlugin:80 - create IPUIPlugin
2024-02-16 17:51:18,196 [INFO] PluginManager:220 - loadIPPluginJar : add adc
2024-02-16 17:51:18,248 [INFO] IPUIPlugin:80 - create IPUIPlugin
2024-02-16 17:51:18,249 [INFO] PluginManager:220 - loadIPPluginJar : add aes
2024-02-16 17:51:18,280 [INFO] IPUIPlugin:80 - create IPUIPlugin
2024-02-16 17:51:18,280 [INFO] PluginManager:220 - loadIPPluginJar : add can
2024-02-16 17:51:18,295 [INFO] IPUIPlugin:80 - create IPUIPlugin
2024-02-16 17:51:18,296 [INFO] PluginManager:220 - loadIPPluginJar : add comp
2024-02-16 17:51:18,318 [INFO] IPUIPlugin:80 - create IPUIPlugin
2024-02-16 17:51:18,318 [INFO] PluginManager:220 - loadIPPluginJar : add cryp
2024-02-16 17:51:18,337 [INFO] IPUIPlugin:80 - create IPUIPlugin
2024-02-16 17:51:18,338 [INFO] PluginManager:220 - loadIPPluginJar : add dfsdm
2024-02-16 17:51:18,349 [INFO] IPUIPlugin:80 - create IPUIPlugin
2024-02-16 17:51:18,349 [INFO] PluginManager:220 - loadIPPluginJar : add dma
2024-02-16 17:51:18,376 [INFO] IPUIPlugin:80 - create IPUIPlugin
2024-02-16 17:51:18,377 [INFO] PluginManager:220 - loadIPPluginJar : add dma3
2024-02-16 17:51:18,390 [INFO] IPUIPlugin:80 - create IPUIPlugin
2024-02-16 17:51:18,390 [INFO] PluginManager:220 - loadIPPluginJar : add fatfs
2024-02-16 17:51:18,420 [INFO] IPUIPlugin:80 - create IPUIPlugin
2024-02-16 17:51:18,420 [INFO] PluginManager:220 - loadIPPluginJar : add fmc
2024-02-16 17:51:18,433 [INFO] IPUIPlugin:80 - create IPUIPlugin
2024-02-16 17:51:18,434 [INFO] PluginManager:220 - loadIPPluginJar : add freertos
2024-02-16 17:51:18,448 [INFO] IPUIPlugin:80 - create IPUIPlugin
2024-02-16 17:51:18,448 [INFO] PluginManager:220 - loadIPPluginJar : add genericplugin
2024-02-16 17:51:18,504 [INFO] IPUIPlugin:80 - create IPUIPlugin
2024-02-16 17:51:18,504 [INFO] PluginManager:220 - loadIPPluginJar : add gfxmmu
2024-02-16 17:51:18,595 [INFO] IPUIPlugin:80 - create IPUIPlugin
2024-02-16 17:51:18,595 [INFO] PluginManager:220 - loadIPPluginJar : add gic
2024-02-16 17:51:18,605 [INFO] IPUIPlugin:80 - create IPUIPlugin
2024-02-16 17:51:18,605 [INFO] PluginManager:220 - loadIPPluginJar : add gpio
2024-02-16 17:51:18,665 [INFO] IPUIPlugin:80 - create IPUIPlugin
2024-02-16 17:51:18,665 [INFO] PluginManager:220 - loadIPPluginJar : add gtzc
2024-02-16 17:51:18,686 [INFO] IPUIPlugin:80 - create IPUIPlugin
2024-02-16 17:51:18,686 [INFO] PluginManager:220 - loadIPPluginJar : add hash
2024-02-16 17:51:18,723 [INFO] IPUIPlugin:80 - create IPUIPlugin
2024-02-16 17:51:18,723 [INFO] PluginManager:220 - loadIPPluginJar : add i2c
2024-02-16 17:51:18,751 [INFO] IPUIPlugin:80 - create IPUIPlugin
2024-02-16 17:51:18,751 [INFO] PluginManager:220 - loadIPPluginJar : add i2s
2024-02-16 17:51:18,808 [INFO] IPUIPlugin:80 - create IPUIPlugin
2024-02-16 17:51:18,808 [INFO] PluginManager:220 - loadIPPluginJar : add i3c
2024-02-16 17:51:18,909 [INFO] IPUIPlugin:80 - create IPUIPlugin
2024-02-16 17:51:18,910 [INFO] PluginManager:220 - loadIPPluginJar : add ipddr
2024-02-16 17:51:18,966 [INFO] IPUIPlugin:80 - create IPUIPlugin
2024-02-16 17:51:18,966 [INFO] PluginManager:220 - loadIPPluginJar : add linkedlist
2024-02-16 17:51:18,989 [INFO] IPUIPlugin:80 - create IPUIPlugin
2024-02-16 17:51:18,989 [INFO] PluginManager:220 - loadIPPluginJar : add lorawan
2024-02-16 17:51:19,013 [INFO] IPUIPlugin:80 - create IPUIPlugin
2024-02-16 17:51:19,013 [INFO] PluginManager:220 - loadIPPluginJar : add ltdc
2024-02-16 17:51:19,024 [INFO] IPUIPlugin:80 - create IPUIPlugin
2024-02-16 17:51:19,024 [INFO] PluginManager:220 - loadIPPluginJar : add mdma
2024-02-16 17:51:19,034 [INFO] IPUIPlugin:80 - create IPUIPlugin
2024-02-16 17:51:19,034 [INFO] PluginManager:220 - loadIPPluginJar : add nvic
2024-02-16 17:51:19,060 [INFO] IPUIPlugin:80 - create IPUIPlugin
2024-02-16 17:51:19,060 [INFO] PluginManager:220 - loadIPPluginJar : add opamp
2024-02-16 17:51:19,101 [INFO] IPUIPlugin:80 - create IPUIPlugin
2024-02-16 17:51:19,102 [INFO] PluginManager:220 - loadIPPluginJar : add openamp
2024-02-16 17:51:19,129 [INFO] IPUIPlugin:80 - create IPUIPlugin
2024-02-16 17:51:19,130 [INFO] PluginManager:220 - loadIPPluginJar : add pdm2pcm
2024-02-16 17:51:19,140 [INFO] IPUIPlugin:80 - create IPUIPlugin
2024-02-16 17:51:19,141 [INFO] PluginManager:220 - loadIPPluginJar : add plateformsettings
2024-02-16 17:51:19,156 [INFO] IPUIPlugin:80 - create IPUIPlugin
2024-02-16 17:51:19,156 [INFO] PluginManager:220 - loadIPPluginJar : add quadspi
2024-02-16 17:51:19,165 [INFO] IPUIPlugin:80 - create IPUIPlugin
2024-02-16 17:51:19,165 [INFO] PluginManager:220 - loadIPPluginJar : add resmgrutility
2024-02-16 17:51:19,198 [INFO] IPUIPlugin:80 - create IPUIPlugin
2024-02-16 17:51:19,198 [INFO] PluginManager:220 - loadIPPluginJar : add sai
2024-02-16 17:51:19,222 [INFO] IPUIPlugin:80 - create IPUIPlugin
2024-02-16 17:51:19,222 [INFO] PluginManager:220 - loadIPPluginJar : add spi
2024-02-16 17:51:19,268 [INFO] IPUIPlugin:80 - create IPUIPlugin
2024-02-16 17:51:19,268 [INFO] PluginManager:220 - loadIPPluginJar : add stm32_wpan
2024-02-16 17:51:19,285 [INFO] IPUIPlugin:80 - create IPUIPlugin
2024-02-16 17:51:19,285 [INFO] PluginManager:220 - loadIPPluginJar : add tim
2024-02-16 17:51:19,321 [INFO] IPUIPlugin:80 - create IPUIPlugin
2024-02-16 17:51:19,321 [INFO] PluginManager:220 - loadIPPluginJar : add touchsensing
2024-02-16 17:51:19,338 [INFO] IPUIPlugin:80 - create IPUIPlugin
2024-02-16 17:51:19,338 [INFO] PluginManager:220 - loadIPPluginJar : add tracer_emb
2024-02-16 17:51:19,354 [INFO] IPUIPlugin:80 - create IPUIPlugin
2024-02-16 17:51:19,354 [INFO] PluginManager:220 - loadIPPluginJar : add ts
2024-02-16 17:51:19,369 [INFO] IPUIPlugin:80 - create IPUIPlugin
2024-02-16 17:51:19,370 [INFO] PluginManager:220 - loadIPPluginJar : add tsc
2024-02-16 17:51:19,384 [INFO] IPUIPlugin:80 - create IPUIPlugin
2024-02-16 17:51:19,384 [INFO] PluginManager:220 - loadIPPluginJar : add ucpd
2024-02-16 17:51:19,413 [INFO] IPUIPlugin:80 - create IPUIPlugin
2024-02-16 17:51:19,413 [INFO] PluginManager:220 - loadIPPluginJar : add usart
2024-02-16 17:51:19,442 [INFO] IPUIPlugin:80 - create IPUIPlugin
2024-02-16 17:51:19,442 [INFO] PluginManager:220 - loadIPPluginJar : add usbx
2024-02-16 17:51:19,557 [INFO] CADModel:165 - CPN selected for project level
2024-02-16 17:51:19,557 [INFO] CADModel:114 - Register for checkConnection events
2024-02-16 17:51:19,557 [FATAL] Updater:308 - Updater called before beeing initialized
2024-02-16 17:51:19,557 [ERROR] CADModel:125 - Updater not yet initialized, retry later 
2024-02-16 17:51:19,672 [INFO] CADModel:165 - CPN selected for project level
2024-02-16 17:51:19,672 [INFO] CADModel:114 - Register for checkConnection events
2024-02-16 17:51:19,672 [FATAL] Updater:308 - Updater called before beeing initialized
2024-02-16 17:51:19,672 [ERROR] CADModel:125 - Updater not yet initialized, retry later 
2024-02-16 17:51:19,674 [FATAL] Updater:308 - Updater called before beeing initialized
2024-02-16 17:51:19,771 [FATAL] Updater:308 - Updater called before beeing initialized
2024-02-16 17:51:19,782 [INFO] DbMcusAds:53 - JSON generation date=Wed Nov 29 11:52:27 CET 2023 (1701255147349)
2024-02-16 17:51:19,783 [FATAL] Updater:308 - Updater called before beeing initialized
2024-02-16 17:51:19,846 [WARN] DetailPanel:346 - Failed to get advertising image, set to default
2024-02-16 17:51:19,950 [FATAL] Updater:308 - Updater called before beeing initialized
2024-02-16 17:51:19,952 [FATAL] Updater:308 - Updater called before beeing initialized
2024-02-16 17:51:19,952 [FATAL] Updater:308 - Updater called before beeing initialized
2024-02-16 17:51:19,952 [WARN] DetailPanel:346 - Failed to get advertising image, set to default
2024-02-16 17:51:19,953 [FATAL] Updater:308 - Updater called before beeing initialized
2024-02-16 17:51:20,008 [ERROR] Updater:1120 - MainUpdater not yet initialized. External WinMGr cannot be set.
2024-02-16 17:51:20,017 [INFO] Updater:1056 - Updater Version found : 6.10.0
2024-02-16 17:51:20,039 [INFO] ApplicationProperties:184 - Using Application install path: C:\ST\STM32CubeIDE_1.14.0\STM32CubeIDE\plugins\com.st.stm32cube.common.mx_6.10.0.202311202037
2024-02-16 17:51:20,741 [INFO] ThirdPartyUpdaterWithRetryManager:70 - Updater plugin not ready yet. [2/15]
2024-02-16 17:51:21,618 [ERROR] LogOutputStream:75 - [STDERR_REDIRECT] Feb 16, 2024 5:51:21 PM java.util.prefs.WindowsPreferences <init>
2024-02-16 17:51:21,619 [ERROR] LogOutputStream:75 - [STDERR_REDIRECT] WARNING: Could not open/create prefs root node Software\JavaSoft\Prefs at root 0xffffffff80000002. Windows RegCreateKeyEx(...) returned error code 5.
2024-02-16 17:51:21,619 [ERROR] LogOutputStream:75 - [STDERR_REDIRECT] 
2024-02-16 17:51:21,886 [INFO] MainUpdater:2873 - connection check result : 22
2024-02-16 17:51:21,887 [INFO] MainUpdater:290 - Updater Check For Update Now.
2024-02-16 17:51:21,887 [INFO] MicroXplorer:498 - Change Database Version : DB.6.0.100
2024-02-16 17:51:21,906 [INFO] McuFinderGlobals:63 - Set McuFinder mode to 2 (CubeIDE integrated)
2024-02-16 17:51:21,989 [INFO] UserAuth:404 - Internet connection configuration mode: 2
2024-02-16 17:51:22,112 [INFO] CheckServerUpdateThread:120 - End of CheckServer Thread
2024-02-16 17:51:23,890 [WARN] PackLoader:240 - Cannot read IP mode file for STMicroelectronics.X-CUBE-SMBUS.2.1.0
2024-02-16 17:51:23,924 [WARN] PackLoader:240 - Cannot read IP mode file for STMicroelectronics.X-CUBE-AZRTOS-F7.1.1.0
2024-02-16 17:51:23,942 [WARN] PackLoader:240 - Cannot read IP mode file for STMicroelectronics.FP-SNS-MOTENV1.4.3.2
2024-02-16 17:51:23,955 [WARN] PackLoader:240 - Cannot read IP mode file for STMicroelectronics.FP-SNS-FLIGHT1.5.0.2
2024-02-16 17:51:23,970 [WARN] PackLoader:240 - Cannot read IP mode file for STMicroelectronics.X-CUBE-DISPLAY.3.0.0
2024-02-16 17:51:23,987 [WARN] PackLoader:240 - Cannot read IP mode file for STMicroelectronics.X-CUBE-BLE1.7.0.0
2024-02-16 17:51:24,000 [WARN] PackLoader:240 - Cannot read IP mode file for emotas.I-CUBE-CANOPEN.1.3.0
2024-02-16 17:51:24,014 [WARN] PackLoader:240 - Cannot read IP mode file for STMicroelectronics.X-CUBE-TOUCHGFX.4.22.1
2024-02-16 17:51:24,026 [WARN] PackLoader:240 - Cannot read IP mode file for STMicroelectronics.FP-SNS-SMARTAG2.1.2.0
2024-02-16 17:51:24,044 [INFO] LogOutputStream:77 - [STDOUT_REDIRECT] 1 : Invalid condition id : UX_CORESTACK_Condition cause : null
2024-02-16 17:51:24,045 [INFO] LogOutputStream:77 - [STDOUT_REDIRECT] 1 : Invalid condition id : UX_CORESTACK_Condition cause : null
2024-02-16 17:51:24,046 [INFO] LogOutputStream:77 - [STDOUT_REDIRECT] 1 : Invalid condition id : UX_CORESTACK_Condition cause : null
2024-02-16 17:51:24,046 [INFO] LogOutputStream:77 - [STDOUT_REDIRECT] 1 : Invalid condition id : UX_CORESTACK_Condition cause : null
2024-02-16 17:51:24,047 [INFO] LogOutputStream:77 - [STDOUT_REDIRECT] 1 : Invalid condition id : UX_CORESTACK_Condition cause : null
2024-02-16 17:51:24,050 [WARN] PackLoader:240 - Cannot read IP mode file for STMicroelectronics.X-CUBE-AZRTOS-WL.2.0.0
2024-02-16 17:51:24,065 [WARN] PackLoader:240 - Cannot read IP mode file for WES.I-CUBE-Cesium.1.3.0
2024-02-16 17:51:24,077 [WARN] PackLoader:240 - Cannot read IP mode file for STMicroelectronics.X-CUBE-BLE2.3.3.0
2024-02-16 17:51:24,090 [WARN] PackLoader:240 - Cannot read IP mode file for STMicroelectronics.X-CUBE-ALGOBUILD.1.3.0
2024-02-16 17:51:24,115 [WARN] PackLoader:240 - Cannot read IP mode file for STMicroelectronics.X-CUBE-AZRTOS-G0.1.1.0
2024-02-16 17:51:24,128 [WARN] PackLoader:240 - Cannot read IP mode file for STMicroelectronics.X-CUBE-NFC4.3.0.0
2024-02-16 17:51:24,148 [WARN] PackLoader:240 - Cannot read IP mode file for STMicroelectronics.X-CUBE-BLEMGR.3.0.0
2024-02-16 17:51:24,161 [WARN] PackLoader:240 - Cannot read IP mode file for STMicroelectronics.FP-ATR-SIGFOX1.3.2.0
2024-02-16 17:51:24,180 [WARN] PackLoader:240 - Cannot read IP mode file for STMicroelectronics.X-CUBE-EEPRMA1.5.1.0
2024-02-16 17:51:24,211 [WARN] PackLoader:240 - Cannot read IP mode file for SEGGER.I-CUBE-embOS.1.3.1
2024-02-16 17:51:24,248 [WARN] PackLoader:240 - Cannot read IP mode file for STMicroelectronics.X-CUBE-GNSS1.6.0.0
2024-02-16 17:51:24,273 [WARN] PackLoader:240 - Cannot read IP mode file for STMicroelectronics.X-CUBE-AZRTOS-F4.1.1.0
2024-02-16 17:51:24,287 [WARN] PackLoader:240 - Cannot read IP mode file for wolfSSL.I-CUBE-wolfSSL.5.6.4
2024-02-16 17:51:24,310 [WARN] PackLoader:240 - Cannot read IP mode file for STMicroelectronics.X-CUBE-AZRTOS-L5.2.0.0
2024-02-16 17:51:24,325 [WARN] PackLoader:240 - Cannot read IP mode file for STMicroelectronics.X-CUBE-EEPRMA1.4.2.0
2024-02-16 17:51:24,339 [WARN] PackLoader:240 - Cannot read IP mode file for ITTIA_DB.I-CUBE-ITTIADB.8.8.0
2024-02-16 17:51:24,363 [WARN] ConditionMgr:438 - getConditionDescription Invalid condition id : UX DEVICE CLASS RTOS Condition cause : null
2024-02-16 17:51:24,363 [WARN] ConditionMgr:438 - getConditionDescription Invalid condition id : UX DEVICE CLASS RTOS Condition cause : null
2024-02-16 17:51:24,365 [WARN] PackLoader:240 - Cannot read IP mode file for STMicroelectronics.X-CUBE-AZRTOS-H7.3.1.0
2024-02-16 17:51:24,366 [WARN] ConditionMgr:1039 - genDependencies : Invalid condition id : UX DEVICE CLASS RTOS Condition cause : null
2024-02-16 17:51:24,366 [WARN] ConditionMgr:1039 - genDependencies : Invalid condition id : UX DEVICE CLASS RTOS Condition cause : null
2024-02-16 17:51:24,367 [WARN] ConditionMgr:1039 - genDependencies : Invalid condition id : UX DEVICE CLASS RTOS Condition cause : null
2024-02-16 17:51:24,367 [WARN] ConditionMgr:1039 - genDependencies : Invalid condition id : UX DEVICE CLASS RTOS Condition cause : null
2024-02-16 17:51:24,367 [WARN] ConditionMgr:1039 - genDependencies : Invalid condition id : UX DEVICE CLASS RTOS Condition cause : null
2024-02-16 17:51:24,380 [WARN] PackLoader:240 - Cannot read IP mode file for STMicroelectronics.X-CUBE-NFC7.1.0.1
2024-02-16 17:51:24,395 [WARN] PackLoader:240 - Cannot read IP mode file for STMicroelectronics.X-CUBE-NFC6.3.0.0
2024-02-16 17:51:24,410 [WARN] PackLoader:240 - Cannot read IP mode file for STMicroelectronics.X-CUBE-AI.8.1.0
2024-02-16 17:51:24,442 [WARN] ConditionMgr:438 - getConditionDescription Invalid condition id : LAN8742 Phy interface Condition cause : null
2024-02-16 17:51:24,443 [WARN] PackLoader:240 - Cannot read IP mode file for STMicroelectronics.X-CUBE-AZRTOS-L4.2.0.0
2024-02-16 17:51:24,444 [WARN] ConditionMgr:1039 - genDependencies : Invalid condition id : LAN8742 Phy interface Condition cause : null
2024-02-16 17:51:24,444 [WARN] ConditionMgr:1039 - genDependencies : Invalid condition id : LAN8742 Phy interface Condition cause : null
2024-02-16 17:51:24,445 [WARN] ConditionMgr:1039 - genDependencies : Invalid condition id : LAN8742 Phy interface Condition cause : null
2024-02-16 17:51:24,464 [WARN] PackLoader:240 - Cannot read IP mode file for STMicroelectronics.X-CUBE-SFXS2LP1.4.0.0
2024-02-16 17:51:24,481 [WARN] PackLoader:240 - Cannot read IP mode file for STMicroelectronics.X-CUBE-ISPU.1.1.0
2024-02-16 17:51:24,526 [WARN] ConditionMgr:438 - getConditionDescription Invalid condition id : UX DEVICE CLASS RTOS Condition cause : null
2024-02-16 17:51:24,526 [WARN] ConditionMgr:438 - getConditionDescription Invalid condition id : UX DEVICE CLASS RTOS Condition cause : null
2024-02-16 17:51:24,528 [WARN] PackLoader:240 - Cannot read IP mode file for STMicroelectronics.X-CUBE-AZRTOS-WB.2.0.0
2024-02-16 17:51:24,528 [WARN] ConditionMgr:1039 - genDependencies : Invalid condition id : UX DEVICE CLASS RTOS Condition cause : null
2024-02-16 17:51:24,528 [WARN] ConditionMgr:1039 - genDependencies : Invalid condition id : UX DEVICE CLASS RTOS Condition cause : null
2024-02-16 17:51:24,529 [WARN] ConditionMgr:1039 - genDependencies : Invalid condition id : UX DEVICE CLASS RTOS Condition cause : null
2024-02-16 17:51:24,529 [WARN] ConditionMgr:1039 - genDependencies : Invalid condition id : UX DEVICE CLASS RTOS Condition cause : null
2024-02-16 17:51:24,529 [WARN] ConditionMgr:1039 - genDependencies : Invalid condition id : UX DEVICE CLASS RTOS Condition cause : null
2024-02-16 17:51:24,551 [WARN] PackLoader:240 - Cannot read IP mode file for STMicroelectronics.X-CUBE-SUBG2.5.0.0
2024-02-16 17:51:24,580 [WARN] PackLoader:240 - Cannot read IP mode file for STMicroelectronics.X-CUBE-AZRTOS-G4.2.0.0
2024-02-16 17:51:24,604 [WARN] PackLoader:240 - Cannot read IP mode file for Infineon.AIROC-Wi-Fi-Bluetooth-STM32.1.5.1
2024-02-16 17:51:24,620 [WARN] PackLoader:240 - Cannot read IP mode file for STMicroelectronics.FP-SNS-MOTENVWB1.1.3.0
2024-02-16 17:51:24,665 [WARN] PackLoader:240 - Cannot read IP mode file for STMicroelectronics.X-CUBE-MEMS1.10.0.0
2024-02-16 17:51:24,784 [WARN] PackLoader:240 - Cannot read IP mode file for STMicroelectronics.X-CUBE-FREERTOS.1.1.0
2024-02-16 17:51:24,801 [WARN] PackLoader:240 - Cannot read IP mode file for portGmbH.I-Cube-SoM-uGOAL.1.1.0
2024-02-16 17:51:24,816 [WARN] PackLoader:240 - Cannot read IP mode file for STMicroelectronics.X-CUBE-ALS.1.0.1
2024-02-16 17:51:24,829 [WARN] PackLoader:240 - Cannot read IP mode file for STMicroelectronics.FP-ATR-ASTRA1.2.0.0
2024-02-16 17:51:24,847 [WARN] PackLoader:240 - Cannot read IP mode file for STMicroelectronics.X-CUBE-TOF1.3.4.0
2024-02-16 17:51:24,855 [INFO] ThirdParty:978 - Integrity check success = true
2024-02-16 17:51:24,855 [INFO] IntegrityCheckThread:100 - exiting critical section [integrity check]
2024-02-16 17:51:24,855 [INFO] IntegrityCheckThread:103 - End integrity checks thread
2024-02-16 17:51:42,861 [ERROR] LogOutputStream:75 - [STDERR_REDIRECT] SLF4J: Failed to load class "org.slf4j.impl.StaticLoggerBinder".
2024-02-16 17:51:42,861 [ERROR] LogOutputStream:75 - [STDERR_REDIRECT] SLF4J: Defaulting to no-operation (NOP) logger implementation
2024-02-16 17:51:42,863 [ERROR] LogOutputStream:75 - [STDERR_REDIRECT] SLF4J: See http://www.slf4j.org/codes.html#StaticLoggerBinder for further details.
2024-02-16 18:12:33,337 [ERROR] ConfigurationRetriever:142 - IOException on connection: sw-center.st.com
2024-02-16 18:12:33,338 [ERROR] ConfigurationRetriever:142 - IOException on connection: sw-center.st.com
2024-02-16 18:12:33,338 [ERROR] ConfigurationRetriever:142 - IOException on connection: sw-center.st.com
2024-02-16 18:12:33,981 [ERROR] LogOutputStream:75 - [STDERR_REDIRECT] 
